<?xml version="1.0" encoding="UTF-8"?>
<!-- Generated by org.testng.reporters.JUnitReportReporter -->
<testsuite skipped="3" hostname="LAPTOP-BNLU8FNL" name="automationclass.Testngbasics" tests="4" failures="0" timestamp="2020-06-03T08:51:49 IST" time="4.793" errors="1">
  <testcase name="setout" time="0.000" classname="automationclass.Testngbasics">
    <skipped/>
  </testcase> <!-- setout -->
  <system-out/>
  <testcase name="verifypagetittletest" time="0.000" classname="automationclass.Testngbasics">
    <skipped/>
  </testcase> <!-- verifypagetittletest -->
  <system-out/>
  <testcase name="setup" time="4.793" classname="automationclass.Testngbasics">
    <error type="org.openqa.selenium.SessionNotCreatedException" message="session not created: This version of ChromeDriver only supports Chrome version 81
Build info: version: &#039;3.141.59&#039;, revision: &#039;e82be7d358&#039;, time: &#039;2018-11-14T08:25:53&#039;
System info: host: &#039;LAPTOP-BNLU8FNL&#039;, ip: &#039;192.168.43.6&#039;, os.name: &#039;Windows 10&#039;, os.arch: &#039;amd64&#039;, os.version: &#039;10.0&#039;, java.version: &#039;1.8.0_251&#039;
Driver info: driver.version: ChromeDriver
remote stacktrace: Backtrace:
	Ordinal0 [0x010B5E93+2449043]
	Ordinal0 [0x00FE8281+1606273]
	Ordinal0 [0x00EDF889+522377]
	Ordinal0 [0x00E705F3+67059]
	Ordinal0 [0x00E6CD92+52626]
	Ordinal0 [0x00E8C127+180519]
	Ordinal0 [0x00E8BF2D+180013]
	Ordinal0 [0x00E89E5B+171611]
	Ordinal0 [0x00E71DD8+73176]
	Ordinal0 [0x00E72E50+77392]
	Ordinal0 [0x00E72DE9+77289]
	Ordinal0 [0x00FFD7F7+1693687]
	GetHandleVerifier [0x01154576+522742]
	GetHandleVerifier [0x011542B4+522036]
	GetHandleVerifier [0x01169587+608775]
	GetHandleVerifier [0x01154DE6+524902]
	Ordinal0 [0x00FF5BDC+1661916]
	Ordinal0 [0x00FFF15B+1700187]
	Ordinal0 [0x00FFF2C3+1700547]
	Ordinal0 [0x01015135+1790261]
	BaseThreadInitThunk [0x77896359+25]
	RtlGetAppContainerNamedObjectPath [0x77AB7C24+228]
	RtlGetAppContainerNamedObjectPath [0x77AB7BF4+180]
">
      <![CDATA[org.openqa.selenium.SessionNotCreatedException: session not created: This version of ChromeDriver only supports Chrome version 81
Build info: version: '3.141.59', revision: 'e82be7d358', time: '2018-11-14T08:25:53'
System info: host: 'LAPTOP-BNLU8FNL', ip: '192.168.43.6', os.name: 'Windows 10', os.arch: 'amd64', os.version: '10.0', java.version: '1.8.0_251'
Driver info: driver.version: ChromeDriver
remote stacktrace: Backtrace:
Ordinal0 [0x010B5E93+2449043]
Ordinal0 [0x00FE8281+1606273]
Ordinal0 [0x00EDF889+522377]
Ordinal0 [0x00E705F3+67059]
Ordinal0 [0x00E6CD92+52626]
Ordinal0 [0x00E8C127+180519]
Ordinal0 [0x00E8BF2D+180013]
Ordinal0 [0x00E89E5B+171611]
Ordinal0 [0x00E71DD8+73176]
Ordinal0 [0x00E72E50+77392]
Ordinal0 [0x00E72DE9+77289]
Ordinal0 [0x00FFD7F7+1693687]
GetHandleVerifier [0x01154576+522742]
GetHandleVerifier [0x011542B4+522036]
GetHandleVerifier [0x01169587+608775]
GetHandleVerifier [0x01154DE6+524902]
Ordinal0 [0x00FF5BDC+1661916]
Ordinal0 [0x00FFF15B+1700187]
Ordinal0 [0x00FFF2C3+1700547]
Ordinal0 [0x01015135+1790261]
BaseThreadInitThunk [0x77896359+25]
RtlGetAppContainerNamedObjectPath [0x77AB7C24+228]
RtlGetAppContainerNamedObjectPath [0x77AB7BF4+180]

at sun.reflect.NativeConstructorAccessorImpl.newInstance0(Native Method)
at sun.reflect.NativeConstructorAccessorImpl.newInstance(NativeConstructorAccessorImpl.java:62)
at sun.reflect.DelegatingConstructorAccessorImpl.newInstance(DelegatingConstructorAccessorImpl.java:45)
at java.lang.reflect.Constructor.newInstance(Constructor.java:423)
at org.openqa.selenium.remote.W3CHandshakeResponse.lambda$errorHandler$0(W3CHandshakeResponse.java:62)
at org.openqa.selenium.remote.HandshakeResponse.lambda$getResponseFunction$0(HandshakeResponse.java:30)
at org.openqa.selenium.remote.ProtocolHandshake.lambda$createSession$0(ProtocolHandshake.java:126)
at java.util.stream.ReferencePipeline$3$1.accept(ReferencePipeline.java:193)
at java.util.Spliterators$ArraySpliterator.tryAdvance(Spliterators.java:958)
at java.util.stream.ReferencePipeline.forEachWithCancel(ReferencePipeline.java:126)
at java.util.stream.AbstractPipeline.copyIntoWithCancel(AbstractPipeline.java:499)
at java.util.stream.AbstractPipeline.copyInto(AbstractPipeline.java:486)
at java.util.stream.AbstractPipeline.wrapAndCopyInto(AbstractPipeline.java:472)
at java.util.stream.FindOps$FindOp.evaluateSequential(FindOps.java:152)
at java.util.stream.AbstractPipeline.evaluate(AbstractPipeline.java:234)
at java.util.stream.ReferencePipeline.findFirst(ReferencePipeline.java:464)
at org.openqa.selenium.remote.ProtocolHandshake.createSession(ProtocolHandshake.java:128)
at org.openqa.selenium.remote.ProtocolHandshake.createSession(ProtocolHandshake.java:74)
at org.openqa.selenium.remote.HttpCommandExecutor.execute(HttpCommandExecutor.java:136)
at org.openqa.selenium.remote.service.DriverCommandExecutor.execute(DriverCommandExecutor.java:83)
at org.openqa.selenium.remote.RemoteWebDriver.execute(RemoteWebDriver.java:552)
at org.openqa.selenium.remote.RemoteWebDriver.startSession(RemoteWebDriver.java:213)
at org.openqa.selenium.remote.RemoteWebDriver.<init>(RemoteWebDriver.java:131)
at org.openqa.selenium.chrome.ChromeDriver.<init>(ChromeDriver.java:181)
at org.openqa.selenium.chrome.ChromeDriver.<init>(ChromeDriver.java:168)
at org.openqa.selenium.chrome.ChromeDriver.<init>(ChromeDriver.java:123)
at automationclass.Testngbasics.setup(Testngbasics.java:16)
at sun.reflect.NativeMethodAccessorImpl.invoke0(Native Method)
at sun.reflect.NativeMethodAccessorImpl.invoke(NativeMethodAccessorImpl.java:62)
at sun.reflect.DelegatingMethodAccessorImpl.invoke(DelegatingMethodAccessorImpl.java:43)
at java.lang.reflect.Method.invoke(Method.java:498)
at org.testng.internal.MethodInvocationHelper.invokeMethod(MethodInvocationHelper.java:135)
at org.testng.internal.MethodInvocationHelper.invokeMethodConsideringTimeout(MethodInvocationHelper.java:64)
at org.testng.internal.ConfigInvoker.invokeConfigurationMethod(ConfigInvoker.java:364)
at org.testng.internal.ConfigInvoker.invokeConfigurations(ConfigInvoker.java:318)
at org.testng.internal.TestInvoker.runConfigMethods(TestInvoker.java:700)
at org.testng.internal.TestInvoker.invokeMethod(TestInvoker.java:527)
at org.testng.internal.TestInvoker.invokeTestMethod(TestInvoker.java:174)
at org.testng.internal.MethodRunner.runInSequence(MethodRunner.java:46)
at org.testng.internal.TestInvoker$MethodInvocationAgent.invoke(TestInvoker.java:821)
at org.testng.internal.TestInvoker.invokeTestMethods(TestInvoker.java:147)
at org.testng.internal.TestMethodWorker.invokeTestMethods(TestMethodWorker.java:146)
at org.testng.internal.TestMethodWorker.run(TestMethodWorker.java:128)
at java.util.ArrayList.forEach(ArrayList.java:1257)
at org.testng.TestRunner.privateRun(TestRunner.java:767)
at org.testng.TestRunner.run(TestRunner.java:588)
at org.testng.SuiteRunner.runTest(SuiteRunner.java:384)
at org.testng.SuiteRunner.runSequentially(SuiteRunner.java:378)
at org.testng.SuiteRunner.privateRun(SuiteRunner.java:337)
at org.testng.SuiteRunner.run(SuiteRunner.java:286)
at org.testng.SuiteRunnerWorker.runSuite(SuiteRunnerWorker.java:53)
at org.testng.SuiteRunnerWorker.run(SuiteRunnerWorker.java:96)
at org.testng.TestNG.runSuitesSequentially(TestNG.java:1214)
at org.testng.TestNG.runSuitesLocally(TestNG.java:1136)
at org.testng.TestNG.runSuites(TestNG.java:1066)
at org.testng.TestNG.run(TestNG.java:1034)
at org.testng.remote.AbstractRemoteTestNG.run(AbstractRemoteTestNG.java:115)
at org.testng.remote.RemoteTestNG.initAndRun(RemoteTestNG.java:251)
at org.testng.remote.RemoteTestNG.main(RemoteTestNG.java:77)
]]>
    </error>
  </testcase> <!-- setup -->
  <system-out/>
  <testcase name="setupverify" time="0.000" classname="automationclass.Testngbasics">
    <skipped/>
  </testcase> <!-- setupverify -->
  <system-out/>
</testsuite> <!-- automationclass.Testngbasics -->
